mode: atomic
microsoft.com/aml-mcp/cmd/mcp-server/main.go:9.13,16.34 3 0
microsoft.com/aml-mcp/cmd/mcp-server/main.go:16.34,18.3 1 0
microsoft.com/aml-mcp/internal/helpers/azure.go:10.41,11.16 1 7
microsoft.com/aml-mcp/internal/helpers/azure.go:11.16,13.3 1 1
microsoft.com/aml-mcp/internal/helpers/azure.go:14.2,14.13 1 6
microsoft.com/aml-mcp/internal/helpers/azure.go:18.38,19.16 1 3
microsoft.com/aml-mcp/internal/helpers/azure.go:19.16,21.3 1 1
microsoft.com/aml-mcp/internal/helpers/azure.go:22.2,22.13 1 2
microsoft.com/aml-mcp/internal/helpers/azure.go:26.44,27.16 1 3
microsoft.com/aml-mcp/internal/helpers/azure.go:27.16,29.3 1 1
microsoft.com/aml-mcp/internal/helpers/azure.go:30.2,30.13 1 2
microsoft.com/aml-mcp/internal/helpers/azure.go:34.55,35.35 1 3
microsoft.com/aml-mcp/internal/helpers/azure.go:35.35,37.3 1 2
microsoft.com/aml-mcp/internal/helpers/azure.go:38.2,38.18 1 1
microsoft.com/aml-mcp/internal/helpers/azure.go:42.101,43.18 1 6
microsoft.com/aml-mcp/internal/helpers/azure.go:43.18,45.3 1 1
microsoft.com/aml-mcp/internal/helpers/azure.go:47.2,47.15 1 5
microsoft.com/aml-mcp/internal/helpers/azure.go:48.21,49.43 1 1
microsoft.com/aml-mcp/internal/helpers/azure.go:50.22,51.44 1 1
microsoft.com/aml-mcp/internal/helpers/azure.go:52.22,53.44 1 1
microsoft.com/aml-mcp/internal/helpers/azure.go:54.27,55.49 1 1
microsoft.com/aml-mcp/internal/helpers/azure.go:56.10,57.15 1 1
microsoft.com/aml-mcp/internal/helpers/azure.go:62.51,63.14 1 4
microsoft.com/aml-mcp/internal/helpers/azure.go:63.14,65.3 1 1
microsoft.com/aml-mcp/internal/helpers/azure.go:66.2,67.29 2 3
microsoft.com/aml-mcp/internal/helpers/azure.go:67.29,68.51 1 15
microsoft.com/aml-mcp/internal/helpers/azure.go:68.51,70.4 1 2
microsoft.com/aml-mcp/internal/helpers/azure.go:72.2,72.14 1 1
microsoft.com/aml-mcp/internal/helpers/azure.go:76.78,77.20 1 4
microsoft.com/aml-mcp/internal/helpers/azure.go:77.20,79.3 1 1
microsoft.com/aml-mcp/internal/helpers/azure.go:81.2,82.58 2 3
microsoft.com/aml-mcp/internal/helpers/azure.go:82.58,84.3 1 2
microsoft.com/aml-mcp/internal/helpers/azure.go:86.2,86.41 1 1
microsoft.com/aml-mcp/internal/helpers/azure.go:90.85,91.20 1 0
microsoft.com/aml-mcp/internal/helpers/azure.go:91.20,93.3 1 0
microsoft.com/aml-mcp/internal/helpers/azure.go:95.2,96.24 2 0
microsoft.com/aml-mcp/internal/helpers/azure.go:96.24,98.3 1 0
microsoft.com/aml-mcp/internal/helpers/azure.go:100.2,100.48 1 0
microsoft.com/aml-mcp/internal/helpers/azure.go:104.91,105.20 1 0
microsoft.com/aml-mcp/internal/helpers/azure.go:105.20,107.3 1 0
microsoft.com/aml-mcp/internal/helpers/azure.go:109.2,110.64 2 0
microsoft.com/aml-mcp/internal/helpers/azure.go:110.64,112.3 1 0
microsoft.com/aml-mcp/internal/helpers/azure.go:114.2,114.47 1 0
microsoft.com/aml-mcp/internal/helpers/azure.go:118.83,119.20 1 3
microsoft.com/aml-mcp/internal/helpers/azure.go:119.20,121.3 1 1
microsoft.com/aml-mcp/internal/helpers/azure.go:123.2,124.56 2 2
microsoft.com/aml-mcp/internal/helpers/azure.go:124.56,126.3 1 1
microsoft.com/aml-mcp/internal/helpers/azure.go:128.2,128.60 1 1
microsoft.com/aml-mcp/internal/helpers/azure.go:132.84,133.20 1 0
microsoft.com/aml-mcp/internal/helpers/azure.go:133.20,135.3 1 0
microsoft.com/aml-mcp/internal/helpers/azure.go:137.2,138.57 2 0
microsoft.com/aml-mcp/internal/helpers/azure.go:138.57,140.3 1 0
microsoft.com/aml-mcp/internal/helpers/azure.go:142.2,142.61 1 0
microsoft.com/aml-mcp/internal/helpers/azure.go:146.82,147.20 1 0
microsoft.com/aml-mcp/internal/helpers/azure.go:147.20,149.3 1 0
microsoft.com/aml-mcp/internal/helpers/azure.go:151.2,152.64 2 0
microsoft.com/aml-mcp/internal/helpers/azure.go:152.64,154.3 1 0
microsoft.com/aml-mcp/internal/helpers/azure.go:156.2,156.39 1 0
microsoft.com/aml-mcp/internal/helpers/azure.go:160.62,161.17 1 2
microsoft.com/aml-mcp/internal/helpers/azure.go:161.17,163.3 1 1
microsoft.com/aml-mcp/internal/helpers/azure.go:164.2,164.22 1 1
microsoft.com/aml-mcp/internal/helpers/azure.go:168.62,169.17 1 2
microsoft.com/aml-mcp/internal/helpers/azure.go:169.17,171.3 1 1
microsoft.com/aml-mcp/internal/helpers/azure.go:172.2,172.22 1 1
microsoft.com/aml-mcp/internal/helpers/azure.go:176.105,177.19 1 3
microsoft.com/aml-mcp/internal/helpers/azure.go:177.19,179.3 1 1
microsoft.com/aml-mcp/internal/helpers/azure.go:180.2,180.24 1 2
microsoft.com/aml-mcp/internal/azure/clients.go:23.62,26.16 2 2
microsoft.com/aml-mcp/internal/azure/clients.go:26.16,28.3 1 0
microsoft.com/aml-mcp/internal/azure/clients.go:30.2,31.16 2 2
microsoft.com/aml-mcp/internal/azure/clients.go:31.16,33.3 1 0
microsoft.com/aml-mcp/internal/azure/clients.go:35.2,36.16 2 2
microsoft.com/aml-mcp/internal/azure/clients.go:36.16,38.3 1 0
microsoft.com/aml-mcp/internal/azure/clients.go:40.2,41.16 2 2
microsoft.com/aml-mcp/internal/azure/clients.go:41.16,43.3 1 0
microsoft.com/aml-mcp/internal/azure/clients.go:45.2,46.16 2 2
microsoft.com/aml-mcp/internal/azure/clients.go:46.16,48.3 1 0
microsoft.com/aml-mcp/internal/azure/clients.go:50.2,51.16 2 2
microsoft.com/aml-mcp/internal/azure/clients.go:51.16,53.3 1 0
microsoft.com/aml-mcp/internal/azure/clients.go:55.2,56.16 2 2
microsoft.com/aml-mcp/internal/azure/clients.go:56.16,58.3 1 0
microsoft.com/aml-mcp/internal/azure/clients.go:60.2,61.16 2 2
microsoft.com/aml-mcp/internal/azure/clients.go:61.16,63.3 1 0
microsoft.com/aml-mcp/internal/azure/clients.go:65.2,66.16 2 2
microsoft.com/aml-mcp/internal/azure/clients.go:66.16,68.3 1 0
microsoft.com/aml-mcp/internal/azure/clients.go:70.2,79.8 1 2
microsoft.com/aml-mcp/internal/server/server.go:22.36,44.2 10 5
microsoft.com/aml-mcp/internal/server/server.go:47.36,50.53 2 0
microsoft.com/aml-mcp/internal/server/server.go:50.53,52.3 1 0
microsoft.com/aml-mcp/internal/server/server.go:54.2,55.12 2 0
microsoft.com/aml-mcp/internal/tools/compute.go:18.38,20.2 1 4
microsoft.com/aml-mcp/internal/tools/compute.go:23.58,28.2 4 1
microsoft.com/aml-mcp/internal/tools/compute.go:30.65,48.2 2 1
microsoft.com/aml-mcp/internal/tools/compute.go:50.64,72.2 2 1
microsoft.com/aml-mcp/internal/tools/compute.go:74.66,96.2 2 1
microsoft.com/aml-mcp/internal/tools/compute.go:98.65,120.2 2 1
microsoft.com/aml-mcp/internal/tools/compute.go:122.122,124.16 2 0
microsoft.com/aml-mcp/internal/tools/compute.go:124.16,126.3 1 0
microsoft.com/aml-mcp/internal/tools/compute.go:128.2,129.16 2 0
microsoft.com/aml-mcp/internal/tools/compute.go:129.16,131.3 1 0
microsoft.com/aml-mcp/internal/tools/compute.go:133.2,134.16 2 0
microsoft.com/aml-mcp/internal/tools/compute.go:134.16,136.3 1 0
microsoft.com/aml-mcp/internal/tools/compute.go:138.2,139.16 2 0
microsoft.com/aml-mcp/internal/tools/compute.go:139.16,141.3 1 0
microsoft.com/aml-mcp/internal/tools/compute.go:143.2,146.19 3 0
microsoft.com/aml-mcp/internal/tools/compute.go:146.19,148.17 2 0
microsoft.com/aml-mcp/internal/tools/compute.go:148.17,150.4 1 0
microsoft.com/aml-mcp/internal/tools/compute.go:152.3,152.38 1 0
microsoft.com/aml-mcp/internal/tools/compute.go:152.38,153.56 1 0
microsoft.com/aml-mcp/internal/tools/compute.go:153.56,159.5 1 0
microsoft.com/aml-mcp/internal/tools/compute.go:163.2,163.24 1 0
microsoft.com/aml-mcp/internal/tools/compute.go:163.24,165.3 1 0
microsoft.com/aml-mcp/internal/tools/compute.go:167.2,167.128 1 0
microsoft.com/aml-mcp/internal/tools/compute.go:170.121,172.16 2 0
microsoft.com/aml-mcp/internal/tools/compute.go:172.16,174.3 1 0
microsoft.com/aml-mcp/internal/tools/compute.go:176.2,177.16 2 0
microsoft.com/aml-mcp/internal/tools/compute.go:177.16,179.3 1 0
microsoft.com/aml-mcp/internal/tools/compute.go:181.2,182.16 2 0
microsoft.com/aml-mcp/internal/tools/compute.go:182.16,184.3 1 0
microsoft.com/aml-mcp/internal/tools/compute.go:186.2,187.16 2 0
microsoft.com/aml-mcp/internal/tools/compute.go:187.16,189.3 1 0
microsoft.com/aml-mcp/internal/tools/compute.go:191.2,192.16 2 0
microsoft.com/aml-mcp/internal/tools/compute.go:192.16,194.3 1 0
microsoft.com/aml-mcp/internal/tools/compute.go:196.2,197.16 2 0
microsoft.com/aml-mcp/internal/tools/compute.go:197.16,199.3 1 0
microsoft.com/aml-mcp/internal/tools/compute.go:201.2,222.44 3 0
microsoft.com/aml-mcp/internal/tools/compute.go:225.123,227.16 2 0
microsoft.com/aml-mcp/internal/tools/compute.go:227.16,229.3 1 0
microsoft.com/aml-mcp/internal/tools/compute.go:231.2,232.16 2 0
microsoft.com/aml-mcp/internal/tools/compute.go:232.16,234.3 1 0
microsoft.com/aml-mcp/internal/tools/compute.go:236.2,237.16 2 0
microsoft.com/aml-mcp/internal/tools/compute.go:237.16,239.3 1 0
microsoft.com/aml-mcp/internal/tools/compute.go:241.2,242.16 2 0
microsoft.com/aml-mcp/internal/tools/compute.go:242.16,244.3 1 0
microsoft.com/aml-mcp/internal/tools/compute.go:246.2,247.16 2 0
microsoft.com/aml-mcp/internal/tools/compute.go:247.16,249.3 1 0
microsoft.com/aml-mcp/internal/tools/compute.go:251.2,252.16 2 0
microsoft.com/aml-mcp/internal/tools/compute.go:252.16,254.3 1 0
microsoft.com/aml-mcp/internal/tools/compute.go:256.2,257.16 2 0
microsoft.com/aml-mcp/internal/tools/compute.go:257.16,259.3 1 0
microsoft.com/aml-mcp/internal/tools/compute.go:261.2,261.107 1 0
microsoft.com/aml-mcp/internal/tools/compute.go:264.122,266.16 2 0
microsoft.com/aml-mcp/internal/tools/compute.go:266.16,268.3 1 0
microsoft.com/aml-mcp/internal/tools/compute.go:270.2,271.16 2 0
microsoft.com/aml-mcp/internal/tools/compute.go:271.16,273.3 1 0
microsoft.com/aml-mcp/internal/tools/compute.go:275.2,276.16 2 0
microsoft.com/aml-mcp/internal/tools/compute.go:276.16,278.3 1 0
microsoft.com/aml-mcp/internal/tools/compute.go:280.2,281.16 2 0
microsoft.com/aml-mcp/internal/tools/compute.go:281.16,283.3 1 0
microsoft.com/aml-mcp/internal/tools/compute.go:285.2,286.16 2 0
microsoft.com/aml-mcp/internal/tools/compute.go:286.16,288.3 1 0
microsoft.com/aml-mcp/internal/tools/compute.go:290.2,291.16 2 0
microsoft.com/aml-mcp/internal/tools/compute.go:291.16,293.3 1 0
microsoft.com/aml-mcp/internal/tools/compute.go:295.2,296.16 2 0
microsoft.com/aml-mcp/internal/tools/compute.go:296.16,298.3 1 0
microsoft.com/aml-mcp/internal/tools/compute.go:300.2,300.107 1 0
microsoft.com/aml-mcp/internal/tools/monitoring.go:18.44,20.2 1 4
microsoft.com/aml-mcp/internal/tools/monitoring.go:23.61,27.2 3 1
microsoft.com/aml-mcp/internal/tools/monitoring.go:29.67,43.2 2 1
microsoft.com/aml-mcp/internal/tools/monitoring.go:45.66,59.2 2 1
microsoft.com/aml-mcp/internal/tools/monitoring.go:61.68,75.2 2 1
microsoft.com/aml-mcp/internal/tools/monitoring.go:77.124,79.16 2 0
microsoft.com/aml-mcp/internal/tools/monitoring.go:79.16,81.3 1 0
microsoft.com/aml-mcp/internal/tools/monitoring.go:83.2,84.16 2 0
microsoft.com/aml-mcp/internal/tools/monitoring.go:84.16,86.3 1 0
microsoft.com/aml-mcp/internal/tools/monitoring.go:88.2,89.16 2 0
microsoft.com/aml-mcp/internal/tools/monitoring.go:89.16,91.3 1 0
microsoft.com/aml-mcp/internal/tools/monitoring.go:93.2,96.19 3 0
microsoft.com/aml-mcp/internal/tools/monitoring.go:96.19,98.17 2 0
microsoft.com/aml-mcp/internal/tools/monitoring.go:98.17,100.4 1 0
microsoft.com/aml-mcp/internal/tools/monitoring.go:102.3,102.36 1 0
microsoft.com/aml-mcp/internal/tools/monitoring.go:102.36,103.47 1 0
microsoft.com/aml-mcp/internal/tools/monitoring.go:103.47,109.5 1 0
microsoft.com/aml-mcp/internal/tools/monitoring.go:113.2,113.22 1 0
microsoft.com/aml-mcp/internal/tools/monitoring.go:113.22,115.3 1 0
microsoft.com/aml-mcp/internal/tools/monitoring.go:117.2,117.141 1 0
microsoft.com/aml-mcp/internal/tools/monitoring.go:120.123,122.16 2 0
microsoft.com/aml-mcp/internal/tools/monitoring.go:122.16,124.3 1 0
microsoft.com/aml-mcp/internal/tools/monitoring.go:126.2,127.16 2 0
microsoft.com/aml-mcp/internal/tools/monitoring.go:127.16,129.3 1 0
microsoft.com/aml-mcp/internal/tools/monitoring.go:131.2,132.16 2 0
microsoft.com/aml-mcp/internal/tools/monitoring.go:132.16,134.3 1 0
microsoft.com/aml-mcp/internal/tools/monitoring.go:136.2,139.19 3 0
microsoft.com/aml-mcp/internal/tools/monitoring.go:139.19,141.17 2 0
microsoft.com/aml-mcp/internal/tools/monitoring.go:141.17,143.4 1 0
microsoft.com/aml-mcp/internal/tools/monitoring.go:145.3,145.36 1 0
microsoft.com/aml-mcp/internal/tools/monitoring.go:145.36,146.76 1 0
microsoft.com/aml-mcp/internal/tools/monitoring.go:146.76,152.5 1 0
microsoft.com/aml-mcp/internal/tools/monitoring.go:156.2,156.22 1 0
microsoft.com/aml-mcp/internal/tools/monitoring.go:156.22,158.3 1 0
microsoft.com/aml-mcp/internal/tools/monitoring.go:160.2,160.148 1 0
microsoft.com/aml-mcp/internal/tools/monitoring.go:163.125,165.16 2 0
microsoft.com/aml-mcp/internal/tools/monitoring.go:165.16,167.3 1 0
microsoft.com/aml-mcp/internal/tools/monitoring.go:169.2,170.16 2 0
microsoft.com/aml-mcp/internal/tools/monitoring.go:170.16,172.3 1 0
microsoft.com/aml-mcp/internal/tools/monitoring.go:174.2,175.16 2 0
microsoft.com/aml-mcp/internal/tools/monitoring.go:175.16,177.3 1 0
microsoft.com/aml-mcp/internal/tools/monitoring.go:179.2,180.16 2 0
microsoft.com/aml-mcp/internal/tools/monitoring.go:180.16,182.3 1 0
microsoft.com/aml-mcp/internal/tools/monitoring.go:184.2,185.36 2 0
microsoft.com/aml-mcp/internal/tools/monitoring.go:185.36,186.25 1 0
microsoft.com/aml-mcp/internal/tools/monitoring.go:186.25,191.4 1 0
microsoft.com/aml-mcp/internal/tools/monitoring.go:194.2,194.23 1 0
microsoft.com/aml-mcp/internal/tools/monitoring.go:194.23,196.3 1 0
microsoft.com/aml-mcp/internal/tools/monitoring.go:198.2,198.145 1 0
microsoft.com/aml-mcp/internal/tools/network.go:18.38,20.2 1 4
microsoft.com/aml-mcp/internal/tools/network.go:23.58,27.2 3 1
microsoft.com/aml-mcp/internal/tools/network.go:29.74,47.2 2 1
microsoft.com/aml-mcp/internal/tools/network.go:49.78,67.2 2 1
microsoft.com/aml-mcp/internal/tools/network.go:69.75,87.2 2 1
microsoft.com/aml-mcp/internal/tools/network.go:89.131,91.16 2 0
microsoft.com/aml-mcp/internal/tools/network.go:91.16,93.3 1 0
microsoft.com/aml-mcp/internal/tools/network.go:95.2,96.16 2 0
microsoft.com/aml-mcp/internal/tools/network.go:96.16,98.3 1 0
microsoft.com/aml-mcp/internal/tools/network.go:100.2,101.16 2 0
microsoft.com/aml-mcp/internal/tools/network.go:101.16,103.3 1 0
microsoft.com/aml-mcp/internal/tools/network.go:105.2,106.16 2 0
microsoft.com/aml-mcp/internal/tools/network.go:106.16,108.3 1 0
microsoft.com/aml-mcp/internal/tools/network.go:110.2,113.19 3 0
microsoft.com/aml-mcp/internal/tools/network.go:113.19,115.17 2 0
microsoft.com/aml-mcp/internal/tools/network.go:115.17,117.4 1 0
microsoft.com/aml-mcp/internal/tools/network.go:119.3,119.39 1 0
microsoft.com/aml-mcp/internal/tools/network.go:119.39,120.28 1 0
microsoft.com/aml-mcp/internal/tools/network.go:120.28,122.99 2 0
microsoft.com/aml-mcp/internal/tools/network.go:122.99,124.6 1 0
microsoft.com/aml-mcp/internal/tools/network.go:125.5,126.67 1 0
microsoft.com/aml-mcp/internal/tools/network.go:131.2,131.25 1 0
microsoft.com/aml-mcp/internal/tools/network.go:131.25,133.3 1 0
microsoft.com/aml-mcp/internal/tools/network.go:135.2,135.141 1 0
microsoft.com/aml-mcp/internal/tools/network.go:138.135,140.16 2 0
microsoft.com/aml-mcp/internal/tools/network.go:140.16,142.3 1 0
microsoft.com/aml-mcp/internal/tools/network.go:144.2,145.16 2 0
microsoft.com/aml-mcp/internal/tools/network.go:145.16,147.3 1 0
microsoft.com/aml-mcp/internal/tools/network.go:149.2,150.16 2 0
microsoft.com/aml-mcp/internal/tools/network.go:150.16,152.3 1 0
microsoft.com/aml-mcp/internal/tools/network.go:154.2,155.16 2 0
microsoft.com/aml-mcp/internal/tools/network.go:155.16,157.3 1 0
microsoft.com/aml-mcp/internal/tools/network.go:159.2,162.19 3 0
microsoft.com/aml-mcp/internal/tools/network.go:162.19,164.17 2 0
microsoft.com/aml-mcp/internal/tools/network.go:164.17,166.4 1 0
microsoft.com/aml-mcp/internal/tools/network.go:168.3,168.41 1 0
microsoft.com/aml-mcp/internal/tools/network.go:168.41,169.30 1 0
microsoft.com/aml-mcp/internal/tools/network.go:169.30,172.37 3 0
microsoft.com/aml-mcp/internal/tools/network.go:172.37,175.6 2 0
microsoft.com/aml-mcp/internal/tools/network.go:176.5,177.83 1 0
microsoft.com/aml-mcp/internal/tools/network.go:182.2,182.27 1 0
microsoft.com/aml-mcp/internal/tools/network.go:182.27,184.3 1 0
microsoft.com/aml-mcp/internal/tools/network.go:186.2,186.138 1 0
microsoft.com/aml-mcp/internal/tools/network.go:189.132,191.16 2 0
microsoft.com/aml-mcp/internal/tools/network.go:191.16,193.3 1 0
microsoft.com/aml-mcp/internal/tools/network.go:195.2,196.16 2 0
microsoft.com/aml-mcp/internal/tools/network.go:196.16,198.3 1 0
microsoft.com/aml-mcp/internal/tools/network.go:200.2,201.16 2 0
microsoft.com/aml-mcp/internal/tools/network.go:201.16,203.3 1 0
microsoft.com/aml-mcp/internal/tools/network.go:205.2,206.16 2 0
microsoft.com/aml-mcp/internal/tools/network.go:206.16,208.3 1 0
microsoft.com/aml-mcp/internal/tools/network.go:210.2,213.19 3 0
microsoft.com/aml-mcp/internal/tools/network.go:213.19,215.17 2 0
microsoft.com/aml-mcp/internal/tools/network.go:215.17,217.4 1 0
microsoft.com/aml-mcp/internal/tools/network.go:219.3,219.38 1 0
microsoft.com/aml-mcp/internal/tools/network.go:219.38,220.25 1 0
microsoft.com/aml-mcp/internal/tools/network.go:220.25,225.5 3 0
microsoft.com/aml-mcp/internal/tools/network.go:229.2,229.24 1 0
microsoft.com/aml-mcp/internal/tools/network.go:229.24,231.3 1 0
microsoft.com/aml-mcp/internal/tools/network.go:233.2,233.129 1 0
microsoft.com/aml-mcp/internal/tools/workspace.go:20.42,22.2 1 4
microsoft.com/aml-mcp/internal/tools/workspace.go:25.60,29.2 3 1
microsoft.com/aml-mcp/internal/tools/workspace.go:31.84,41.2 2 1
microsoft.com/aml-mcp/internal/tools/workspace.go:43.68,61.2 2 1
microsoft.com/aml-mcp/internal/tools/workspace.go:63.71,91.2 2 1
microsoft.com/aml-mcp/internal/tools/workspace.go:93.141,95.16 2 0
microsoft.com/aml-mcp/internal/tools/workspace.go:95.16,97.3 1 0
microsoft.com/aml-mcp/internal/tools/workspace.go:99.2,100.16 2 0
microsoft.com/aml-mcp/internal/tools/workspace.go:100.16,102.3 1 0
microsoft.com/aml-mcp/internal/tools/workspace.go:104.2,107.19 3 0
microsoft.com/aml-mcp/internal/tools/workspace.go:107.19,109.17 2 0
microsoft.com/aml-mcp/internal/tools/workspace.go:109.17,111.4 1 0
microsoft.com/aml-mcp/internal/tools/workspace.go:113.3,113.40 1 0
microsoft.com/aml-mcp/internal/tools/workspace.go:113.40,114.29 1 0
microsoft.com/aml-mcp/internal/tools/workspace.go:114.29,119.5 1 0
microsoft.com/aml-mcp/internal/tools/workspace.go:123.2,123.26 1 0
microsoft.com/aml-mcp/internal/tools/workspace.go:123.26,125.3 1 0
microsoft.com/aml-mcp/internal/tools/workspace.go:127.2,127.134 1 0
microsoft.com/aml-mcp/internal/tools/workspace.go:130.125,132.16 2 0
microsoft.com/aml-mcp/internal/tools/workspace.go:132.16,134.3 1 0
microsoft.com/aml-mcp/internal/tools/workspace.go:136.2,137.16 2 0
microsoft.com/aml-mcp/internal/tools/workspace.go:137.16,139.3 1 0
microsoft.com/aml-mcp/internal/tools/workspace.go:141.2,142.16 2 0
microsoft.com/aml-mcp/internal/tools/workspace.go:142.16,144.3 1 0
microsoft.com/aml-mcp/internal/tools/workspace.go:146.2,147.16 2 0
microsoft.com/aml-mcp/internal/tools/workspace.go:147.16,149.3 1 0
microsoft.com/aml-mcp/internal/tools/workspace.go:151.2,152.16 2 0
microsoft.com/aml-mcp/internal/tools/workspace.go:152.16,154.3 1 0
microsoft.com/aml-mcp/internal/tools/workspace.go:156.2,179.44 3 0
microsoft.com/aml-mcp/internal/tools/workspace.go:182.128,184.16 2 0
microsoft.com/aml-mcp/internal/tools/workspace.go:184.16,186.3 1 0
microsoft.com/aml-mcp/internal/tools/workspace.go:188.2,189.16 2 0
microsoft.com/aml-mcp/internal/tools/workspace.go:189.16,191.3 1 0
microsoft.com/aml-mcp/internal/tools/workspace.go:193.2,194.16 2 0
microsoft.com/aml-mcp/internal/tools/workspace.go:194.16,196.3 1 0
microsoft.com/aml-mcp/internal/tools/workspace.go:198.2,199.16 2 0
microsoft.com/aml-mcp/internal/tools/workspace.go:199.16,201.3 1 0
microsoft.com/aml-mcp/internal/tools/workspace.go:203.2,207.16 4 0
microsoft.com/aml-mcp/internal/tools/workspace.go:207.16,209.3 1 0
microsoft.com/aml-mcp/internal/tools/workspace.go:211.2,220.16 3 0
microsoft.com/aml-mcp/internal/tools/workspace.go:220.16,222.3 1 0
microsoft.com/aml-mcp/internal/tools/workspace.go:224.2,225.16 2 0
microsoft.com/aml-mcp/internal/tools/workspace.go:225.16,227.3 1 0
microsoft.com/aml-mcp/internal/tools/workspace.go:229.2,230.97 1 0
